2022-11-10 10:14:52.831  INFO 7394 --- [restartedMain] c.i.training_cb.TrainingCbApplication    : Starting TrainingCbApplication using Java 11.0.17 on user-Aspire-ES1-572 with PID 7394 (/home/user/git/training_capacity/training_cb/training_cb/target/classes started by user in /home/user/git/training_capacity/training_cb/training_cb)
2022-11-10 10:14:52.842  INFO 7394 --- [restartedMain] c.i.training_cb.TrainingCbApplication    : The following 1 profile is active: "dev"
2022-11-10 10:14:53.143  INFO 7394 --- [restartedMain] .e.DevToolsPropertyDefaultsPostProcessor : Devtools property defaults active! Set 'spring.devtools.add-properties' to 'false' to disable
2022-11-10 10:14:53.146  INFO 7394 --- [restartedMain] .e.DevToolsPropertyDefaultsPostProcessor : For additional web related logging consider setting the 'logging.level.web' property to 'DEBUG'
2022-11-10 10:14:55.906  INFO 7394 --- [restartedMain] .s.d.r.c.RepositoryConfigurationDelegate : Bootstrapping Spring Data JPA repositories in DEFAULT mode.
2022-11-10 10:14:56.018  INFO 7394 --- [restartedMain] .s.d.r.c.RepositoryConfigurationDelegate : Finished Spring Data repository scanning in 88 ms. Found 1 JPA repository interfaces.
2022-11-10 10:14:57.449  INFO 7394 --- [restartedMain] o.s.b.w.embedded.tomcat.TomcatWebServer  : Tomcat initialized with port(s): 8080 (http)
2022-11-10 10:14:57.462  INFO 7394 --- [restartedMain] o.apache.catalina.core.StandardService   : Starting service [Tomcat]
2022-11-10 10:14:57.463  INFO 7394 --- [restartedMain] org.apache.catalina.core.StandardEngine  : Starting Servlet engine: [Apache Tomcat/9.0.68]
2022-11-10 10:14:57.590  INFO 7394 --- [restartedMain] o.a.c.c.C.[Tomcat].[localhost].[/]       : Initializing Spring embedded WebApplicationContext
2022-11-10 10:14:57.590  INFO 7394 --- [restartedMain] w.s.c.ServletWebServerApplicationContext : Root WebApplicationContext: initialization completed in 4441 ms
2022-11-10 10:14:58.174  INFO 7394 --- [restartedMain] o.hibernate.jpa.internal.util.LogHelper  : HHH000204: Processing PersistenceUnitInfo [name: default]
2022-11-10 10:14:58.468  INFO 7394 --- [restartedMain] org.hibernate.Version                    : HHH000412: Hibernate ORM core version 5.6.12.Final
2022-11-10 10:14:58.942  INFO 7394 --- [restartedMain] o.hibernate.annotations.common.Version   : HCANN000001: Hibernate Commons Annotations {5.1.2.Final}
2022-11-10 10:14:59.240  INFO 7394 --- [restartedMain] com.zaxxer.hikari.HikariDataSource       : HikariPool-1 - Starting...
2022-11-10 10:14:59.676  INFO 7394 --- [restartedMain] com.zaxxer.hikari.HikariDataSource       : HikariPool-1 - Start completed.
2022-11-10 10:14:59.764  INFO 7394 --- [restartedMain] org.hibernate.dialect.Dialect            : HHH000400: Using dialect: org.hibernate.dialect.PostgreSQL10Dialect
2022-11-10 10:15:03.173  WARN 7394 --- [restartedMain] o.h.engine.jdbc.spi.SqlExceptionHelper   : SQL Warning Code: 0, SQLState: 00000
2022-11-10 10:15:03.173  WARN 7394 --- [restartedMain] o.h.engine.jdbc.spi.SqlExceptionHelper   : constraint "uk_sb99kva86p6hcuvxukjw7vu6q" of relation "training_need" does not exist, skipping
2022-11-10 10:15:03.425  INFO 7394 --- [restartedMain] o.h.e.t.j.p.i.JtaPlatformInitiator       : HHH000490: Using JtaPlatform implementation: [org.hibernate.engine.transaction.jta.platform.internal.NoJtaPlatform]
2022-11-10 10:15:03.470  INFO 7394 --- [restartedMain] j.LocalContainerEntityManagerFactoryBean : Initialized JPA EntityManagerFactory for persistence unit 'default'
2022-11-10 10:15:04.616  WARN 7394 --- [restartedMain] JpaBaseConfiguration$JpaWebConfiguration : spring.jpa.open-in-view is enabled by default. Therefore, database queries may be performed during view rendering. Explicitly configure spring.jpa.open-in-view to disable this warning
2022-11-10 10:15:05.201  INFO 7394 --- [restartedMain] o.s.b.d.a.OptionalLiveReloadServer       : LiveReload server is running on port 35729
2022-11-10 10:15:05.507  INFO 7394 --- [restartedMain] o.s.b.w.embedded.tomcat.TomcatWebServer  : Tomcat started on port(s): 8080 (http) with context path ''
2022-11-10 10:15:05.970  INFO 7394 --- [restartedMain] c.i.training_cb.TrainingCbApplication    : Started TrainingCbApplication in 14.472 seconds (JVM running for 16.113)
2022-11-10 10:17:13.383  INFO 7394 --- [File Watcher] rtingClassPathChangeChangedEventListener : Restarting due to 1 class path change (0 additions, 0 deletions, 1 modification)
2022-11-10 10:17:13.394  INFO 7394 --- [Thread-4] o.apache.catalina.core.StandardService   : Stopping service [Tomcat]
2022-11-10 10:17:13.419  INFO 7394 --- [Thread-4] j.LocalContainerEntityManagerFactoryBean : Closing JPA EntityManagerFactory for persistence unit 'default'
2022-11-10 10:17:13.428  INFO 7394 --- [Thread-4] com.zaxxer.hikari.HikariDataSource       : HikariPool-1 - Shutdown initiated...
2022-11-10 10:17:13.480  INFO 7394 --- [Thread-4] com.zaxxer.hikari.HikariDataSource       : HikariPool-1 - Shutdown completed.
2022-11-10 10:17:13.674  INFO 7394 --- [restartedMain] c.i.training_cb.TrainingCbApplication    : Starting TrainingCbApplication using Java 11.0.17 on user-Aspire-ES1-572 with PID 7394 (/home/user/git/training_capacity/training_cb/training_cb/target/classes started by user in /home/user/git/training_capacity/training_cb/training_cb)
2022-11-10 10:17:13.675  INFO 7394 --- [restartedMain] c.i.training_cb.TrainingCbApplication    : The following 1 profile is active: "dev"
2022-11-10 10:17:14.245  INFO 7394 --- [restartedMain] .s.d.r.c.RepositoryConfigurationDelegate : Bootstrapping Spring Data JPA repositories in DEFAULT mode.
2022-11-10 10:17:14.257  INFO 7394 --- [restartedMain] .s.d.r.c.RepositoryConfigurationDelegate : Finished Spring Data repository scanning in 11 ms. Found 1 JPA repository interfaces.
2022-11-10 10:17:14.477  INFO 7394 --- [restartedMain] o.s.b.w.embedded.tomcat.TomcatWebServer  : Tomcat initialized with port(s): 8080 (http)
2022-11-10 10:17:14.480  INFO 7394 --- [restartedMain] o.apache.catalina.core.StandardService   : Starting service [Tomcat]
2022-11-10 10:17:14.480  INFO 7394 --- [restartedMain] org.apache.catalina.core.StandardEngine  : Starting Servlet engine: [Apache Tomcat/9.0.68]
2022-11-10 10:17:14.508  INFO 7394 --- [restartedMain] o.a.c.c.C.[Tomcat].[localhost].[/]       : Initializing Spring embedded WebApplicationContext
2022-11-10 10:17:14.508  INFO 7394 --- [restartedMain] w.s.c.ServletWebServerApplicationContext : Root WebApplicationContext: initialization completed in 828 ms
2022-11-10 10:17:14.605  INFO 7394 --- [restartedMain] o.hibernate.jpa.internal.util.LogHelper  : HHH000204: Processing PersistenceUnitInfo [name: default]
2022-11-10 10:17:14.616  INFO 7394 --- [restartedMain] com.zaxxer.hikari.HikariDataSource       : HikariPool-2 - Starting...
2022-11-10 10:17:14.650  INFO 7394 --- [restartedMain] com.zaxxer.hikari.HikariDataSource       : HikariPool-2 - Start completed.
2022-11-10 10:17:14.650  INFO 7394 --- [restartedMain] org.hibernate.dialect.Dialect            : HHH000400: Using dialect: org.hibernate.dialect.PostgreSQL10Dialect
2022-11-10 10:17:15.393  INFO 7394 --- [restartedMain] o.h.e.t.j.p.i.JtaPlatformInitiator       : HHH000490: Using JtaPlatform implementation: [org.hibernate.engine.transaction.jta.platform.internal.NoJtaPlatform]
2022-11-10 10:17:15.393  INFO 7394 --- [restartedMain] j.LocalContainerEntityManagerFactoryBean : Initialized JPA EntityManagerFactory for persistence unit 'default'
2022-11-10 10:17:15.587  WARN 7394 --- [restartedMain] JpaBaseConfiguration$JpaWebConfiguration : spring.jpa.open-in-view is enabled by default. Therefore, database queries may be performed during view rendering. Explicitly configure spring.jpa.open-in-view to disable this warning
2022-11-10 10:17:15.688  INFO 7394 --- [restartedMain] o.s.b.d.a.OptionalLiveReloadServer       : LiveReload server is running on port 35729
2022-11-10 10:17:15.762  INFO 7394 --- [restartedMain] o.s.b.w.embedded.tomcat.TomcatWebServer  : Tomcat started on port(s): 8080 (http) with context path ''
2022-11-10 10:17:15.942  INFO 7394 --- [restartedMain] c.i.training_cb.TrainingCbApplication    : Started TrainingCbApplication in 2.331 seconds (JVM running for 146.086)
2022-11-10 10:17:15.946  INFO 7394 --- [restartedMain] .ConditionEvaluationDeltaLoggingListener : Condition evaluation unchanged
2022-11-10 10:28:14.158  INFO 7394 --- [File Watcher] rtingClassPathChangeChangedEventListener : Restarting due to 1 class path change (0 additions, 0 deletions, 1 modification)
2022-11-10 10:28:14.166  INFO 7394 --- [Thread-7] o.apache.catalina.core.StandardService   : Stopping service [Tomcat]
2022-11-10 10:28:14.184  INFO 7394 --- [Thread-7] j.LocalContainerEntityManagerFactoryBean : Closing JPA EntityManagerFactory for persistence unit 'default'
2022-11-10 10:28:14.186  INFO 7394 --- [Thread-7] com.zaxxer.hikari.HikariDataSource       : HikariPool-2 - Shutdown initiated...
2022-11-10 10:28:14.248  INFO 7394 --- [Thread-7] com.zaxxer.hikari.HikariDataSource       : HikariPool-2 - Shutdown completed.
2022-11-10 10:28:14.456  INFO 7394 --- [restartedMain] c.i.training_cb.TrainingCbApplication    : Starting TrainingCbApplication using Java 11.0.17 on user-Aspire-ES1-572 with PID 7394 (/home/user/git/training_capacity/training_cb/training_cb/target/classes started by user in /home/user/git/training_capacity/training_cb/training_cb)
2022-11-10 10:28:14.457  INFO 7394 --- [restartedMain] c.i.training_cb.TrainingCbApplication    : The following 1 profile is active: "dev"
2022-11-10 10:28:14.883  INFO 7394 --- [restartedMain] .s.d.r.c.RepositoryConfigurationDelegate : Bootstrapping Spring Data JPA repositories in DEFAULT mode.
2022-11-10 10:28:14.893  INFO 7394 --- [restartedMain] .s.d.r.c.RepositoryConfigurationDelegate : Finished Spring Data repository scanning in 8 ms. Found 1 JPA repository interfaces.
2022-11-10 10:28:15.064  INFO 7394 --- [restartedMain] o.s.b.w.embedded.tomcat.TomcatWebServer  : Tomcat initialized with port(s): 8080 (http)
2022-11-10 10:28:15.066  INFO 7394 --- [restartedMain] o.apache.catalina.core.StandardService   : Starting service [Tomcat]
2022-11-10 10:28:15.066  INFO 7394 --- [restartedMain] org.apache.catalina.core.StandardEngine  : Starting Servlet engine: [Apache Tomcat/9.0.68]
2022-11-10 10:28:15.083  INFO 7394 --- [restartedMain] o.a.c.c.C.[Tomcat].[localhost].[/]       : Initializing Spring embedded WebApplicationContext
2022-11-10 10:28:15.083  INFO 7394 --- [restartedMain] w.s.c.ServletWebServerApplicationContext : Root WebApplicationContext: initialization completed in 622 ms
2022-11-10 10:28:15.166  INFO 7394 --- [restartedMain] o.hibernate.jpa.internal.util.LogHelper  : HHH000204: Processing PersistenceUnitInfo [name: default]
2022-11-10 10:28:15.176  INFO 7394 --- [restartedMain] com.zaxxer.hikari.HikariDataSource       : HikariPool-3 - Starting...
2022-11-10 10:28:15.210  INFO 7394 --- [restartedMain] com.zaxxer.hikari.HikariDataSource       : HikariPool-3 - Start completed.
2022-11-10 10:28:15.211  INFO 7394 --- [restartedMain] org.hibernate.dialect.Dialect            : HHH000400: Using dialect: org.hibernate.dialect.PostgreSQL10Dialect
2022-11-10 10:28:16.765  WARN 7394 --- [restartedMain] o.h.engine.jdbc.spi.SqlExceptionHelper   : SQL Warning Code: 0, SQLState: 00000
2022-11-10 10:28:16.769  WARN 7394 --- [restartedMain] o.h.engine.jdbc.spi.SqlExceptionHelper   : constraint "uk_sb99kva86p6hcuvxukjw7vu6q" of relation "training_need" does not exist, skipping
2022-11-10 10:28:16.998  INFO 7394 --- [restartedMain] o.h.e.t.j.p.i.JtaPlatformInitiator       : HHH000490: Using JtaPlatform implementation: [org.hibernate.engine.transaction.jta.platform.internal.NoJtaPlatform]
2022-11-10 10:28:16.999  INFO 7394 --- [restartedMain] j.LocalContainerEntityManagerFactoryBean : Initialized JPA EntityManagerFactory for persistence unit 'default'
2022-11-10 10:28:17.251  WARN 7394 --- [restartedMain] JpaBaseConfiguration$JpaWebConfiguration : spring.jpa.open-in-view is enabled by default. Therefore, database queries may be performed during view rendering. Explicitly configure spring.jpa.open-in-view to disable this warning
2022-11-10 10:28:17.326  INFO 7394 --- [restartedMain] o.s.b.d.a.OptionalLiveReloadServer       : LiveReload server is running on port 35729
2022-11-10 10:28:17.404  INFO 7394 --- [restartedMain] o.s.b.w.embedded.tomcat.TomcatWebServer  : Tomcat started on port(s): 8080 (http) with context path ''
2022-11-10 10:28:17.559  INFO 7394 --- [restartedMain] c.i.training_cb.TrainingCbApplication    : Started TrainingCbApplication in 3.155 seconds (JVM running for 807.702)
2022-11-10 10:28:17.562  INFO 7394 --- [restartedMain] .ConditionEvaluationDeltaLoggingListener : Condition evaluation unchanged
2022-11-10 10:28:42.902  INFO 7394 --- [File Watcher] rtingClassPathChangeChangedEventListener : Restarting due to 1 class path change (0 additions, 0 deletions, 1 modification)
2022-11-10 10:28:42.919  INFO 7394 --- [Thread-11] o.apache.catalina.core.StandardService   : Stopping service [Tomcat]
2022-11-10 10:28:42.933  INFO 7394 --- [Thread-11] j.LocalContainerEntityManagerFactoryBean : Closing JPA EntityManagerFactory for persistence unit 'default'
2022-11-10 10:28:42.944  INFO 7394 --- [Thread-11] com.zaxxer.hikari.HikariDataSource       : HikariPool-3 - Shutdown initiated...
2022-11-10 10:28:42.977  INFO 7394 --- [Thread-11] com.zaxxer.hikari.HikariDataSource       : HikariPool-3 - Shutdown completed.
2022-11-10 10:28:43.113  INFO 7394 --- [restartedMain] c.i.training_cb.TrainingCbApplication    : Starting TrainingCbApplication using Java 11.0.17 on user-Aspire-ES1-572 with PID 7394 (/home/user/git/training_capacity/training_cb/training_cb/target/classes started by user in /home/user/git/training_capacity/training_cb/training_cb)
2022-11-10 10:28:43.114  INFO 7394 --- [restartedMain] c.i.training_cb.TrainingCbApplication    : The following 1 profile is active: "dev"
2022-11-10 10:28:43.486  INFO 7394 --- [restartedMain] .s.d.r.c.RepositoryConfigurationDelegate : Bootstrapping Spring Data JPA repositories in DEFAULT mode.
2022-11-10 10:28:43.495  INFO 7394 --- [restartedMain] .s.d.r.c.RepositoryConfigurationDelegate : Finished Spring Data repository scanning in 8 ms. Found 1 JPA repository interfaces.
2022-11-10 10:28:43.618  INFO 7394 --- [restartedMain] o.s.b.w.embedded.tomcat.TomcatWebServer  : Tomcat initialized with port(s): 8080 (http)
2022-11-10 10:28:43.619  INFO 7394 --- [restartedMain] o.apache.catalina.core.StandardService   : Starting service [Tomcat]
2022-11-10 10:28:43.620  INFO 7394 --- [restartedMain] org.apache.catalina.core.StandardEngine  : Starting Servlet engine: [Apache Tomcat/9.0.68]
2022-11-10 10:28:43.634  INFO 7394 --- [restartedMain] o.a.c.c.C.[Tomcat].[localhost].[/]       : Initializing Spring embedded WebApplicationContext
2022-11-10 10:28:43.634  INFO 7394 --- [restartedMain] w.s.c.ServletWebServerApplicationContext : Root WebApplicationContext: initialization completed in 517 ms
2022-11-10 10:28:43.678  INFO 7394 --- [restartedMain] o.hibernate.jpa.internal.util.LogHelper  : HHH000204: Processing PersistenceUnitInfo [name: default]
2022-11-10 10:28:43.686  INFO 7394 --- [restartedMain] com.zaxxer.hikari.HikariDataSource       : HikariPool-4 - Starting...
2022-11-10 10:28:43.724  INFO 7394 --- [restartedMain] com.zaxxer.hikari.HikariDataSource       : HikariPool-4 - Start completed.
2022-11-10 10:28:43.725  INFO 7394 --- [restartedMain] org.hibernate.dialect.Dialect            : HHH000400: Using dialect: org.hibernate.dialect.PostgreSQL10Dialect
2022-11-10 10:28:44.123  INFO 7394 --- [restartedMain] o.h.e.t.j.p.i.JtaPlatformInitiator       : HHH000490: Using JtaPlatform implementation: [org.hibernate.engine.transaction.jta.platform.internal.NoJtaPlatform]
2022-11-10 10:28:44.125  INFO 7394 --- [restartedMain] j.LocalContainerEntityManagerFactoryBean : Initialized JPA EntityManagerFactory for persistence unit 'default'
2022-11-10 10:28:44.305  WARN 7394 --- [restartedMain] JpaBaseConfiguration$JpaWebConfiguration : spring.jpa.open-in-view is enabled by default. Therefore, database queries may be performed during view rendering. Explicitly configure spring.jpa.open-in-view to disable this warning
2022-11-10 10:28:44.373  INFO 7394 --- [restartedMain] o.s.b.d.a.OptionalLiveReloadServer       : LiveReload server is running on port 35729
2022-11-10 10:28:44.442  INFO 7394 --- [restartedMain] o.s.b.w.embedded.tomcat.TomcatWebServer  : Tomcat started on port(s): 8080 (http) with context path ''
2022-11-10 10:28:44.576  INFO 7394 --- [restartedMain] c.i.training_cb.TrainingCbApplication    : Started TrainingCbApplication in 1.499 seconds (JVM running for 834.719)
2022-11-10 10:28:44.579  INFO 7394 --- [restartedMain] .ConditionEvaluationDeltaLoggingListener : Condition evaluation unchanged
2022-11-10 10:29:12.782  INFO 7394 --- [SpringApplicationShutdownHook] j.LocalContainerEntityManagerFactoryBean : Closing JPA EntityManagerFactory for persistence unit 'default'
2022-11-10 10:29:12.786  INFO 7394 --- [SpringApplicationShutdownHook] com.zaxxer.hikari.HikariDataSource       : HikariPool-4 - Shutdown initiated...
2022-11-10 10:29:12.816  INFO 7394 --- [SpringApplicationShutdownHook] com.zaxxer.hikari.HikariDataSource       : HikariPool-4 - Shutdown completed.
2022-11-10 10:32:09.794  INFO 8366 --- [restartedMain] c.i.training_cb.TrainingCbApplication    : Starting TrainingCbApplication using Java 11.0.17 on user-Aspire-ES1-572 with PID 8366 (/home/user/git/training_capacity/training_cb/training_cb/target/classes started by user in /home/user/git/training_capacity/training_cb/training_cb)
2022-11-10 10:32:09.798  INFO 8366 --- [restartedMain] c.i.training_cb.TrainingCbApplication    : The following 1 profile is active: "dev"
2022-11-10 10:32:09.969  INFO 8366 --- [restartedMain] .e.DevToolsPropertyDefaultsPostProcessor : Devtools property defaults active! Set 'spring.devtools.add-properties' to 'false' to disable
2022-11-10 10:32:09.972  INFO 8366 --- [restartedMain] .e.DevToolsPropertyDefaultsPostProcessor : For additional web related logging consider setting the 'logging.level.web' property to 'DEBUG'
2022-11-10 10:32:11.932  INFO 8366 --- [restartedMain] .s.d.r.c.RepositoryConfigurationDelegate : Bootstrapping Spring Data JPA repositories in DEFAULT mode.
2022-11-10 10:32:12.027  INFO 8366 --- [restartedMain] .s.d.r.c.RepositoryConfigurationDelegate : Finished Spring Data repository scanning in 75 ms. Found 1 JPA repository interfaces.
2022-11-10 10:32:13.174  INFO 8366 --- [restartedMain] o.s.b.w.embedded.tomcat.TomcatWebServer  : Tomcat initialized with port(s): 8080 (http)
2022-11-10 10:32:13.195  INFO 8366 --- [restartedMain] o.apache.catalina.core.StandardService   : Starting service [Tomcat]
2022-11-10 10:32:13.196  INFO 8366 --- [restartedMain] org.apache.catalina.core.StandardEngine  : Starting Servlet engine: [Apache Tomcat/9.0.68]
2022-11-10 10:32:13.313  INFO 8366 --- [restartedMain] o.a.c.c.C.[Tomcat].[localhost].[/]       : Initializing Spring embedded WebApplicationContext
2022-11-10 10:32:13.314  INFO 8366 --- [restartedMain] w.s.c.ServletWebServerApplicationContext : Root WebApplicationContext: initialization completed in 3332 ms
2022-11-10 10:32:13.660  INFO 8366 --- [restartedMain] o.hibernate.jpa.internal.util.LogHelper  : HHH000204: Processing PersistenceUnitInfo [name: default]
2022-11-10 10:32:13.757  INFO 8366 --- [restartedMain] org.hibernate.Version                    : HHH000412: Hibernate ORM core version 5.6.12.Final
2022-11-10 10:32:14.023  INFO 8366 --- [restartedMain] o.hibernate.annotations.common.Version   : HCANN000001: Hibernate Commons Annotations {5.1.2.Final}
2022-11-10 10:32:14.243  INFO 8366 --- [restartedMain] com.zaxxer.hikari.HikariDataSource       : HikariPool-1 - Starting...
2022-11-10 10:32:14.662  INFO 8366 --- [restartedMain] com.zaxxer.hikari.HikariDataSource       : HikariPool-1 - Start completed.
2022-11-10 10:32:14.713  INFO 8366 --- [restartedMain] org.hibernate.dialect.Dialect            : HHH000400: Using dialect: org.hibernate.dialect.PostgreSQL10Dialect
2022-11-10 10:32:16.160  INFO 8366 --- [restartedMain] o.h.e.t.j.p.i.JtaPlatformInitiator       : HHH000490: Using JtaPlatform implementation: [org.hibernate.engine.transaction.jta.platform.internal.NoJtaPlatform]
2022-11-10 10:32:16.170  INFO 8366 --- [restartedMain] j.LocalContainerEntityManagerFactoryBean : Initialized JPA EntityManagerFactory for persistence unit 'default'
2022-11-10 10:32:17.351  WARN 8366 --- [restartedMain] JpaBaseConfiguration$JpaWebConfiguration : spring.jpa.open-in-view is enabled by default. Therefore, database queries may be performed during view rendering. Explicitly configure spring.jpa.open-in-view to disable this warning
2022-11-10 10:32:17.857  INFO 8366 --- [restartedMain] o.s.b.d.a.OptionalLiveReloadServer       : LiveReload server is running on port 35729
2022-11-10 10:32:18.249  INFO 8366 --- [restartedMain] o.s.b.w.embedded.tomcat.TomcatWebServer  : Tomcat started on port(s): 8080 (http) with context path ''
2022-11-10 10:32:19.006  INFO 8366 --- [restartedMain] c.i.training_cb.TrainingCbApplication    : Started TrainingCbApplication in 10.039 seconds (JVM running for 11.382)
2022-11-10 10:34:23.687  INFO 8366 --- [SpringApplicationShutdownHook] j.LocalContainerEntityManagerFactoryBean : Closing JPA EntityManagerFactory for persistence unit 'default'
2022-11-10 10:34:23.694  INFO 8366 --- [SpringApplicationShutdownHook] com.zaxxer.hikari.HikariDataSource       : HikariPool-1 - Shutdown initiated...
2022-11-10 10:34:23.726  INFO 8366 --- [SpringApplicationShutdownHook] com.zaxxer.hikari.HikariDataSource       : HikariPool-1 - Shutdown completed.
2022-11-10 10:34:32.212  INFO 8572 --- [restartedMain] c.i.training_cb.TrainingCbApplication    : Starting TrainingCbApplication using Java 11.0.17 on user-Aspire-ES1-572 with PID 8572 (/home/user/git/training_capacity/training_cb/training_cb/target/classes started by user in /home/user/git/training_capacity/training_cb/training_cb)
2022-11-10 10:34:32.215  INFO 8572 --- [restartedMain] c.i.training_cb.TrainingCbApplication    : The following 1 profile is active: "dev"
2022-11-10 10:34:32.320  INFO 8572 --- [restartedMain] .e.DevToolsPropertyDefaultsPostProcessor : Devtools property defaults active! Set 'spring.devtools.add-properties' to 'false' to disable
2022-11-10 10:34:32.321  INFO 8572 --- [restartedMain] .e.DevToolsPropertyDefaultsPostProcessor : For additional web related logging consider setting the 'logging.level.web' property to 'DEBUG'
2022-11-10 10:34:34.180  INFO 8572 --- [restartedMain] .s.d.r.c.RepositoryConfigurationDelegate : Bootstrapping Spring Data JPA repositories in DEFAULT mode.
2022-11-10 10:34:34.290  INFO 8572 --- [restartedMain] .s.d.r.c.RepositoryConfigurationDelegate : Finished Spring Data repository scanning in 91 ms. Found 1 JPA repository interfaces.
2022-11-10 10:34:35.488  INFO 8572 --- [restartedMain] o.s.b.w.embedded.tomcat.TomcatWebServer  : Tomcat initialized with port(s): 8080 (http)
2022-11-10 10:34:35.503  INFO 8572 --- [restartedMain] o.apache.catalina.core.StandardService   : Starting service [Tomcat]
2022-11-10 10:34:35.504  INFO 8572 --- [restartedMain] org.apache.catalina.core.StandardEngine  : Starting Servlet engine: [Apache Tomcat/9.0.68]
2022-11-10 10:34:35.622  INFO 8572 --- [restartedMain] o.a.c.c.C.[Tomcat].[localhost].[/]       : Initializing Spring embedded WebApplicationContext
2022-11-10 10:34:35.622  INFO 8572 --- [restartedMain] w.s.c.ServletWebServerApplicationContext : Root WebApplicationContext: initialization completed in 3300 ms
2022-11-10 10:34:35.993  INFO 8572 --- [restartedMain] o.hibernate.jpa.internal.util.LogHelper  : HHH000204: Processing PersistenceUnitInfo [name: default]
2022-11-10 10:34:36.072  INFO 8572 --- [restartedMain] org.hibernate.Version                    : HHH000412: Hibernate ORM core version 5.6.12.Final
2022-11-10 10:34:36.365  INFO 8572 --- [restartedMain] o.hibernate.annotations.common.Version   : HCANN000001: Hibernate Commons Annotations {5.1.2.Final}
2022-11-10 10:34:36.591  INFO 8572 --- [restartedMain] com.zaxxer.hikari.HikariDataSource       : HikariPool-1 - Starting...
2022-11-10 10:34:37.023  INFO 8572 --- [restartedMain] com.zaxxer.hikari.HikariDataSource       : HikariPool-1 - Start completed.
2022-11-10 10:34:37.067  INFO 8572 --- [restartedMain] org.hibernate.dialect.Dialect            : HHH000400: Using dialect: org.hibernate.dialect.PostgreSQL10Dialect
2022-11-10 10:34:38.731  INFO 8572 --- [restartedMain] o.h.e.t.j.p.i.JtaPlatformInitiator       : HHH000490: Using JtaPlatform implementation: [org.hibernate.engine.transaction.jta.platform.internal.NoJtaPlatform]
2022-11-10 10:34:38.741  INFO 8572 --- [restartedMain] j.LocalContainerEntityManagerFactoryBean : Initialized JPA EntityManagerFactory for persistence unit 'default'
2022-11-10 10:34:39.884  WARN 8572 --- [restartedMain] JpaBaseConfiguration$JpaWebConfiguration : spring.jpa.open-in-view is enabled by default. Therefore, database queries may be performed during view rendering. Explicitly configure spring.jpa.open-in-view to disable this warning
2022-11-10 10:34:40.319  INFO 8572 --- [restartedMain] o.s.b.d.a.OptionalLiveReloadServer       : LiveReload server is running on port 35729
2022-11-10 10:34:40.639  INFO 8572 --- [restartedMain] o.s.b.w.embedded.tomcat.TomcatWebServer  : Tomcat started on port(s): 8080 (http) with context path ''
2022-11-10 10:34:41.187  INFO 8572 --- [restartedMain] c.i.training_cb.TrainingCbApplication    : Started TrainingCbApplication in 9.786 seconds (JVM running for 10.56)
2022-11-10 10:36:18.894  INFO 8572 --- [SpringApplicationShutdownHook] j.LocalContainerEntityManagerFactoryBean : Closing JPA EntityManagerFactory for persistence unit 'default'
2022-11-10 10:36:18.900  INFO 8572 --- [SpringApplicationShutdownHook] com.zaxxer.hikari.HikariDataSource       : HikariPool-1 - Shutdown initiated...
2022-11-10 10:36:18.944  INFO 8572 --- [SpringApplicationShutdownHook] com.zaxxer.hikari.HikariDataSource       : HikariPool-1 - Shutdown completed.
